<?xml version="1.0" encoding="UTF-8"?>
<!-- Generated by org.testng.reporters.JUnitReportReporter -->
<testsuite hostname="Lenovo-PC" failures="0" tests="4" name="com.fb.Testcases.RegisterTest" time="24.090" errors="0" timestamp="15 Mar 2019 21:06:51 GMT" skipped="0">
  <testcase classname="com.fb.Testcases.RegisterTest" name="open_url" time="7.852"/>
  <testcase classname="com.fb.Testcases.RegisterTest" name="open_url" time="8.184"/>
  <testcase classname="com.fb.Testcases.RegisterTest" name="Register" time="3.810"/>
  <testcase classname="com.fb.Testcases.RegisterTest" name="Register" time="4.244"/>
</testsuite> <!-- com.fb.Testcases.RegisterTest -->
