<?xml version="1.0" encoding="UTF-8"?>
<!-- Generated by org.testng.reporters.JUnitReportReporter -->
<testsuite hostname="Lenovo-PC" failures="0" tests="1" name="prac.Sample" time="0.026" errors="0" timestamp="15 Mar 2019 19:57:11 GMT" skipped="0">
  <testcase classname="prac.Sample" name="method1" time="0.026"/>
</testsuite> <!-- prac.Sample -->
