<?xml version="1.0" encoding="UTF-8"?>
<!-- Generated by org.testng.reporters.JUnitReportReporter -->
<testsuite hostname="Lenovo-PC" failures="0" tests="2" name="prac.RadioButton" time="14.090" errors="0" timestamp="15 Mar 2019 19:49:08 GMT" skipped="0">
  <testcase classname="prac.RadioButton" name="openbrowser" time="7.008"/>
  <testcase classname="prac.RadioButton" name="radio_Button" time="7.082"/>
</testsuite> <!-- prac.RadioButton -->
